<?xml version="1.0" encoding="UTF-8"?>
<!-- Generated by org.testng.reporters.JUnitXMLReporter -->
<testsuite ignored="0" hostname="DESKTOP-807AG9O" failures="0" tests="6" name="SampleTest1" time="0.636" errors="0" timestamp="2023-07-14T06:47:38 IST">
  <testcase classname="testcases.practice.Demo2" name="test1" time="0.007"/>
  <testcase classname="testcases.practice.Demo2" name="test2" time="0.029"/>
  <testcase classname="testcases.practice.Demo2" name="test3" time="0.009"/>
  <testcase classname="testcases.practice.Demo4" name="test1" time="0.002"/>
  <testcase classname="testcases.practice.Demo4" name="test2" time="0.001"/>
  <testcase classname="testcases.practice.Demo4" name="test3" time="0.001"/>
</testsuite> <!-- SampleTest1 -->
