<?xml version="1.0" encoding="UTF-8"?>
<!-- Generated by org.testng.reporters.JUnitXMLReporter -->
<testsuite ignored="0" hostname="DESKTOP-807AG9O" failures="0" tests="5" name="SampleTest2" time="30.404" errors="0" timestamp="2023-07-14T06:48:09 IST">
  <testcase classname="testcases.practice.Demo1" name="demoWebshopLogin" time="5.579"/>
  <testcase classname="testcases.practice.Demo1" name="orangeHRMLogin" time="13.974"/>
  <testcase classname="testcases.practice.Demo3" name="test1" time="0.003"/>
  <testcase classname="testcases.practice.Demo3" name="test2" time="0.001"/>
  <testcase classname="testcases.practice.Demo3" name="test3" time="0.016"/>
</testsuite> <!-- SampleTest2 -->
